Copyright 1986-2022 Xilinx, Inc. All Rights Reserved. Copyright 2022-2023 Advanced Micro Devices, Inc. All Rights Reserved.
-----------------------------------------------------------------------------------------------------------------------------------------------------------------
| Tool Version : Vivado v.2023.1 (lin64) Build 3865809 Sun May  7 15:04:56 MDT 2023
| Date         : Mon Nov 20 22:04:25 2023
| Host         : FranciscoLenovo running 64-bit Ubuntu 22.04.3 LTS
| Command      : report_methodology -file top_level_methodology_drc_routed.rpt -pb top_level_methodology_drc_routed.pb -rpx top_level_methodology_drc_routed.rpx
| Design       : top_level
| Device       : xc7z010clg400-1
| Speed File   : -1
| Design State : Fully Routed
-----------------------------------------------------------------------------------------------------------------------------------------------------------------

Report Methodology

Table of Contents
-----------------
1. REPORT SUMMARY
2. REPORT DETAILS

1. REPORT SUMMARY
-----------------
            Netlist: netlist
          Floorplan: design_1
      Design limits: <entire design considered>
             Max violations: <unlimited>
             Violations found: 173
+-----------+------------------+--------------------------------+------------+
| Rule      | Severity         | Description                    | Violations |
+-----------+------------------+--------------------------------+------------+
| TIMING-17 | Critical Warning | Non-clocked sequential cell    | 105        |
| TIMING-20 | Warning          | Non-clocked latch              | 3          |
| TIMING-23 | Warning          | Combinational loop found       | 64         |
| LATCH-1   | Advisory         | Existing latches in the design | 1          |
+-----------+------------------+--------------------------------+------------+

2. REPORT DETAILS
-----------------
TIMING-17#1 Critical Warning
Non-clocked sequential cell  
The clock pin _ControlUnit/_CurrentState_reg[0]/C is not reached by a timing clock
Related violations: <none>

TIMING-17#2 Critical Warning
Non-clocked sequential cell  
The clock pin _ControlUnit/_CurrentState_reg[1]/C is not reached by a timing clock
Related violations: <none>

TIMING-17#3 Critical Warning
Non-clocked sequential cell  
The clock pin _ControlUnit/_CurrentState_reg[2]/C is not reached by a timing clock
Related violations: <none>

TIMING-17#4 Critical Warning
Non-clocked sequential cell  
The clock pin _ControlUnit/_CurrentState_reg[3]/C is not reached by a timing clock
Related violations: <none>

TIMING-17#5 Critical Warning
Non-clocked sequential cell  
The clock pin _ControlUnit/_CurrentState_reg[4]/C is not reached by a timing clock
Related violations: <none>

TIMING-17#6 Critical Warning
Non-clocked sequential cell  
The clock pin _ControlUnit/_CurrentState_reg[5]/C is not reached by a timing clock
Related violations: <none>

TIMING-17#7 Critical Warning
Non-clocked sequential cell  
The clock pin _Datapath/_IReg_reg[0]/C is not reached by a timing clock
Related violations: <none>

TIMING-17#8 Critical Warning
Non-clocked sequential cell  
The clock pin _Datapath/_IReg_reg[10]/C is not reached by a timing clock
Related violations: <none>

TIMING-17#9 Critical Warning
Non-clocked sequential cell  
The clock pin _Datapath/_IReg_reg[11]/C is not reached by a timing clock
Related violations: <none>

TIMING-17#10 Critical Warning
Non-clocked sequential cell  
The clock pin _Datapath/_IReg_reg[12]/C is not reached by a timing clock
Related violations: <none>

TIMING-17#11 Critical Warning
Non-clocked sequential cell  
The clock pin _Datapath/_IReg_reg[13]/C is not reached by a timing clock
Related violations: <none>

TIMING-17#12 Critical Warning
Non-clocked sequential cell  
The clock pin _Datapath/_IReg_reg[14]/C is not reached by a timing clock
Related violations: <none>

TIMING-17#13 Critical Warning
Non-clocked sequential cell  
The clock pin _Datapath/_IReg_reg[15]/C is not reached by a timing clock
Related violations: <none>

TIMING-17#14 Critical Warning
Non-clocked sequential cell  
The clock pin _Datapath/_IReg_reg[16]/C is not reached by a timing clock
Related violations: <none>

TIMING-17#15 Critical Warning
Non-clocked sequential cell  
The clock pin _Datapath/_IReg_reg[17]/C is not reached by a timing clock
Related violations: <none>

TIMING-17#16 Critical Warning
Non-clocked sequential cell  
The clock pin _Datapath/_IReg_reg[18]/C is not reached by a timing clock
Related violations: <none>

TIMING-17#17 Critical Warning
Non-clocked sequential cell  
The clock pin _Datapath/_IReg_reg[19]/C is not reached by a timing clock
Related violations: <none>

TIMING-17#18 Critical Warning
Non-clocked sequential cell  
The clock pin _Datapath/_IReg_reg[1]/C is not reached by a timing clock
Related violations: <none>

TIMING-17#19 Critical Warning
Non-clocked sequential cell  
The clock pin _Datapath/_IReg_reg[20]/C is not reached by a timing clock
Related violations: <none>

TIMING-17#20 Critical Warning
Non-clocked sequential cell  
The clock pin _Datapath/_IReg_reg[21]/C is not reached by a timing clock
Related violations: <none>

TIMING-17#21 Critical Warning
Non-clocked sequential cell  
The clock pin _Datapath/_IReg_reg[22]/C is not reached by a timing clock
Related violations: <none>

TIMING-17#22 Critical Warning
Non-clocked sequential cell  
The clock pin _Datapath/_IReg_reg[23]/C is not reached by a timing clock
Related violations: <none>

TIMING-17#23 Critical Warning
Non-clocked sequential cell  
The clock pin _Datapath/_IReg_reg[24]/C is not reached by a timing clock
Related violations: <none>

TIMING-17#24 Critical Warning
Non-clocked sequential cell  
The clock pin _Datapath/_IReg_reg[25]/C is not reached by a timing clock
Related violations: <none>

TIMING-17#25 Critical Warning
Non-clocked sequential cell  
The clock pin _Datapath/_IReg_reg[26]/C is not reached by a timing clock
Related violations: <none>

TIMING-17#26 Critical Warning
Non-clocked sequential cell  
The clock pin _Datapath/_IReg_reg[27]/C is not reached by a timing clock
Related violations: <none>

TIMING-17#27 Critical Warning
Non-clocked sequential cell  
The clock pin _Datapath/_IReg_reg[28]/C is not reached by a timing clock
Related violations: <none>

TIMING-17#28 Critical Warning
Non-clocked sequential cell  
The clock pin _Datapath/_IReg_reg[29]/C is not reached by a timing clock
Related violations: <none>

TIMING-17#29 Critical Warning
Non-clocked sequential cell  
The clock pin _Datapath/_IReg_reg[2]/C is not reached by a timing clock
Related violations: <none>

TIMING-17#30 Critical Warning
Non-clocked sequential cell  
The clock pin _Datapath/_IReg_reg[30]/C is not reached by a timing clock
Related violations: <none>

TIMING-17#31 Critical Warning
Non-clocked sequential cell  
The clock pin _Datapath/_IReg_reg[31]/C is not reached by a timing clock
Related violations: <none>

TIMING-17#32 Critical Warning
Non-clocked sequential cell  
The clock pin _Datapath/_IReg_reg[3]/C is not reached by a timing clock
Related violations: <none>

TIMING-17#33 Critical Warning
Non-clocked sequential cell  
The clock pin _Datapath/_IReg_reg[4]/C is not reached by a timing clock
Related violations: <none>

TIMING-17#34 Critical Warning
Non-clocked sequential cell  
The clock pin _Datapath/_IReg_reg[5]/C is not reached by a timing clock
Related violations: <none>

TIMING-17#35 Critical Warning
Non-clocked sequential cell  
The clock pin _Datapath/_IReg_reg[6]/C is not reached by a timing clock
Related violations: <none>

TIMING-17#36 Critical Warning
Non-clocked sequential cell  
The clock pin _Datapath/_IReg_reg[7]/C is not reached by a timing clock
Related violations: <none>

TIMING-17#37 Critical Warning
Non-clocked sequential cell  
The clock pin _Datapath/_IReg_reg[8]/C is not reached by a timing clock
Related violations: <none>

TIMING-17#38 Critical Warning
Non-clocked sequential cell  
The clock pin _Datapath/_IReg_reg[9]/C is not reached by a timing clock
Related violations: <none>

TIMING-17#39 Critical Warning
Non-clocked sequential cell  
The clock pin _Datapath/_Mem/_Memory_reg[0][4]/C is not reached by a timing clock
Related violations: <none>

TIMING-17#40 Critical Warning
Non-clocked sequential cell  
The clock pin _Datapath/_Mem/_Memory_reg[11][6]/C is not reached by a timing clock
Related violations: <none>

TIMING-17#41 Critical Warning
Non-clocked sequential cell  
The clock pin _Datapath/_Mem/_Memory_reg[12][3]/C is not reached by a timing clock
Related violations: <none>

TIMING-17#42 Critical Warning
Non-clocked sequential cell  
The clock pin _Datapath/_Mem/_Memory_reg[16][3]/C is not reached by a timing clock
Related violations: <none>

TIMING-17#43 Critical Warning
Non-clocked sequential cell  
The clock pin _Datapath/_Mem/_Memory_reg[20][6]/C is not reached by a timing clock
Related violations: <none>

TIMING-17#44 Critical Warning
Non-clocked sequential cell  
The clock pin _Datapath/_Mem/_Memory_reg[2][6]/C is not reached by a timing clock
Related violations: <none>

TIMING-17#45 Critical Warning
Non-clocked sequential cell  
The clock pin _Datapath/_Mem/_Memory_reg[3][6]/C is not reached by a timing clock
Related violations: <none>

TIMING-17#46 Critical Warning
Non-clocked sequential cell  
The clock pin _Datapath/_Mem/_Memory_reg[4][4]/C is not reached by a timing clock
Related violations: <none>

TIMING-17#47 Critical Warning
Non-clocked sequential cell  
The clock pin _Datapath/_Mem/_Memory_reg[5][6]/C is not reached by a timing clock
Related violations: <none>

TIMING-17#48 Critical Warning
Non-clocked sequential cell  
The clock pin _Datapath/_Mem/_Memory_reg[6][5]/C is not reached by a timing clock
Related violations: <none>

TIMING-17#49 Critical Warning
Non-clocked sequential cell  
The clock pin _Datapath/_Mem/_Memory_reg[7][6]/C is not reached by a timing clock
Related violations: <none>

TIMING-17#50 Critical Warning
Non-clocked sequential cell  
The clock pin _Datapath/_Mem/_Memory_reg[8][6]/C is not reached by a timing clock
Related violations: <none>

TIMING-17#51 Critical Warning
Non-clocked sequential cell  
The clock pin _Datapath/_Mem/o_Output_reg[0]/C is not reached by a timing clock
Related violations: <none>

TIMING-17#52 Critical Warning
Non-clocked sequential cell  
The clock pin _Datapath/_Mem/o_Output_reg[10]/C is not reached by a timing clock
Related violations: <none>

TIMING-17#53 Critical Warning
Non-clocked sequential cell  
The clock pin _Datapath/_Mem/o_Output_reg[11]/C is not reached by a timing clock
Related violations: <none>

TIMING-17#54 Critical Warning
Non-clocked sequential cell  
The clock pin _Datapath/_Mem/o_Output_reg[12]/C is not reached by a timing clock
Related violations: <none>

TIMING-17#55 Critical Warning
Non-clocked sequential cell  
The clock pin _Datapath/_Mem/o_Output_reg[13]/C is not reached by a timing clock
Related violations: <none>

TIMING-17#56 Critical Warning
Non-clocked sequential cell  
The clock pin _Datapath/_Mem/o_Output_reg[14]/C is not reached by a timing clock
Related violations: <none>

TIMING-17#57 Critical Warning
Non-clocked sequential cell  
The clock pin _Datapath/_Mem/o_Output_reg[15]/C is not reached by a timing clock
Related violations: <none>

TIMING-17#58 Critical Warning
Non-clocked sequential cell  
The clock pin _Datapath/_Mem/o_Output_reg[16]/C is not reached by a timing clock
Related violations: <none>

TIMING-17#59 Critical Warning
Non-clocked sequential cell  
The clock pin _Datapath/_Mem/o_Output_reg[17]/C is not reached by a timing clock
Related violations: <none>

TIMING-17#60 Critical Warning
Non-clocked sequential cell  
The clock pin _Datapath/_Mem/o_Output_reg[18]/C is not reached by a timing clock
Related violations: <none>

TIMING-17#61 Critical Warning
Non-clocked sequential cell  
The clock pin _Datapath/_Mem/o_Output_reg[19]/C is not reached by a timing clock
Related violations: <none>

TIMING-17#62 Critical Warning
Non-clocked sequential cell  
The clock pin _Datapath/_Mem/o_Output_reg[1]/C is not reached by a timing clock
Related violations: <none>

TIMING-17#63 Critical Warning
Non-clocked sequential cell  
The clock pin _Datapath/_Mem/o_Output_reg[20]/C is not reached by a timing clock
Related violations: <none>

TIMING-17#64 Critical Warning
Non-clocked sequential cell  
The clock pin _Datapath/_Mem/o_Output_reg[21]/C is not reached by a timing clock
Related violations: <none>

TIMING-17#65 Critical Warning
Non-clocked sequential cell  
The clock pin _Datapath/_Mem/o_Output_reg[22]/C is not reached by a timing clock
Related violations: <none>

TIMING-17#66 Critical Warning
Non-clocked sequential cell  
The clock pin _Datapath/_Mem/o_Output_reg[23]/C is not reached by a timing clock
Related violations: <none>

TIMING-17#67 Critical Warning
Non-clocked sequential cell  
The clock pin _Datapath/_Mem/o_Output_reg[24]/C is not reached by a timing clock
Related violations: <none>

TIMING-17#68 Critical Warning
Non-clocked sequential cell  
The clock pin _Datapath/_Mem/o_Output_reg[25]/C is not reached by a timing clock
Related violations: <none>

TIMING-17#69 Critical Warning
Non-clocked sequential cell  
The clock pin _Datapath/_Mem/o_Output_reg[26]/C is not reached by a timing clock
Related violations: <none>

TIMING-17#70 Critical Warning
Non-clocked sequential cell  
The clock pin _Datapath/_Mem/o_Output_reg[27]/C is not reached by a timing clock
Related violations: <none>

TIMING-17#71 Critical Warning
Non-clocked sequential cell  
The clock pin _Datapath/_Mem/o_Output_reg[28]/C is not reached by a timing clock
Related violations: <none>

TIMING-17#72 Critical Warning
Non-clocked sequential cell  
The clock pin _Datapath/_Mem/o_Output_reg[29]/C is not reached by a timing clock
Related violations: <none>

TIMING-17#73 Critical Warning
Non-clocked sequential cell  
The clock pin _Datapath/_Mem/o_Output_reg[2]/C is not reached by a timing clock
Related violations: <none>

TIMING-17#74 Critical Warning
Non-clocked sequential cell  
The clock pin _Datapath/_Mem/o_Output_reg[30]/C is not reached by a timing clock
Related violations: <none>

TIMING-17#75 Critical Warning
Non-clocked sequential cell  
The clock pin _Datapath/_Mem/o_Output_reg[31]/C is not reached by a timing clock
Related violations: <none>

TIMING-17#76 Critical Warning
Non-clocked sequential cell  
The clock pin _Datapath/_Mem/o_Output_reg[3]/C is not reached by a timing clock
Related violations: <none>

TIMING-17#77 Critical Warning
Non-clocked sequential cell  
The clock pin _Datapath/_Mem/o_Output_reg[4]/C is not reached by a timing clock
Related violations: <none>

TIMING-17#78 Critical Warning
Non-clocked sequential cell  
The clock pin _Datapath/_Mem/o_Output_reg[5]/C is not reached by a timing clock
Related violations: <none>

TIMING-17#79 Critical Warning
Non-clocked sequential cell  
The clock pin _Datapath/_Mem/o_Output_reg[6]/C is not reached by a timing clock
Related violations: <none>

TIMING-17#80 Critical Warning
Non-clocked sequential cell  
The clock pin _Datapath/_Mem/o_Output_reg[7]/C is not reached by a timing clock
Related violations: <none>

TIMING-17#81 Critical Warning
Non-clocked sequential cell  
The clock pin _Datapath/_Mem/o_Output_reg[8]/C is not reached by a timing clock
Related violations: <none>

TIMING-17#82 Critical Warning
Non-clocked sequential cell  
The clock pin _Datapath/_Mem/o_Output_reg[9]/C is not reached by a timing clock
Related violations: <none>

TIMING-17#83 Critical Warning
Non-clocked sequential cell  
The clock pin _Datapath/_PCounter_reg[0]/C is not reached by a timing clock
Related violations: <none>

TIMING-17#84 Critical Warning
Non-clocked sequential cell  
The clock pin _Datapath/_PCounter_reg[10]/C is not reached by a timing clock
Related violations: <none>

TIMING-17#85 Critical Warning
Non-clocked sequential cell  
The clock pin _Datapath/_PCounter_reg[11]/C is not reached by a timing clock
Related violations: <none>

TIMING-17#86 Critical Warning
Non-clocked sequential cell  
The clock pin _Datapath/_PCounter_reg[12]/C is not reached by a timing clock
Related violations: <none>

TIMING-17#87 Critical Warning
Non-clocked sequential cell  
The clock pin _Datapath/_PCounter_reg[13]/C is not reached by a timing clock
Related violations: <none>

TIMING-17#88 Critical Warning
Non-clocked sequential cell  
The clock pin _Datapath/_PCounter_reg[14]/C is not reached by a timing clock
Related violations: <none>

TIMING-17#89 Critical Warning
Non-clocked sequential cell  
The clock pin _Datapath/_PCounter_reg[15]/C is not reached by a timing clock
Related violations: <none>

TIMING-17#90 Critical Warning
Non-clocked sequential cell  
The clock pin _Datapath/_PCounter_reg[16]/C is not reached by a timing clock
Related violations: <none>

TIMING-17#91 Critical Warning
Non-clocked sequential cell  
The clock pin _Datapath/_PCounter_reg[17]/C is not reached by a timing clock
Related violations: <none>

TIMING-17#92 Critical Warning
Non-clocked sequential cell  
The clock pin _Datapath/_PCounter_reg[18]/C is not reached by a timing clock
Related violations: <none>

TIMING-17#93 Critical Warning
Non-clocked sequential cell  
The clock pin _Datapath/_PCounter_reg[19]/C is not reached by a timing clock
Related violations: <none>

TIMING-17#94 Critical Warning
Non-clocked sequential cell  
The clock pin _Datapath/_PCounter_reg[1]/C is not reached by a timing clock
Related violations: <none>

TIMING-17#95 Critical Warning
Non-clocked sequential cell  
The clock pin _Datapath/_PCounter_reg[20]/C is not reached by a timing clock
Related violations: <none>

TIMING-17#96 Critical Warning
Non-clocked sequential cell  
The clock pin _Datapath/_PCounter_reg[21]/C is not reached by a timing clock
Related violations: <none>

TIMING-17#97 Critical Warning
Non-clocked sequential cell  
The clock pin _Datapath/_PCounter_reg[22]/C is not reached by a timing clock
Related violations: <none>

TIMING-17#98 Critical Warning
Non-clocked sequential cell  
The clock pin _Datapath/_PCounter_reg[2]/C is not reached by a timing clock
Related violations: <none>

TIMING-17#99 Critical Warning
Non-clocked sequential cell  
The clock pin _Datapath/_PCounter_reg[3]/C is not reached by a timing clock
Related violations: <none>

TIMING-17#100 Critical Warning
Non-clocked sequential cell  
The clock pin _Datapath/_PCounter_reg[4]/C is not reached by a timing clock
Related violations: <none>

TIMING-17#101 Critical Warning
Non-clocked sequential cell  
The clock pin _Datapath/_PCounter_reg[5]/C is not reached by a timing clock
Related violations: <none>

TIMING-17#102 Critical Warning
Non-clocked sequential cell  
The clock pin _Datapath/_PCounter_reg[6]/C is not reached by a timing clock
Related violations: <none>

TIMING-17#103 Critical Warning
Non-clocked sequential cell  
The clock pin _Datapath/_PCounter_reg[7]/C is not reached by a timing clock
Related violations: <none>

TIMING-17#104 Critical Warning
Non-clocked sequential cell  
The clock pin _Datapath/_PCounter_reg[8]/C is not reached by a timing clock
Related violations: <none>

TIMING-17#105 Critical Warning
Non-clocked sequential cell  
The clock pin _Datapath/_PCounter_reg[9]/C is not reached by a timing clock
Related violations: <none>

TIMING-20#1 Warning
Non-clocked latch  
The latch _Datapath/o_CCodes[-1111111109] cannot be properly analyzed as its control pin _Datapath/o_CCodes[-1111111109]/G is not reached by a timing clock
Related violations: <none>

TIMING-20#2 Warning
Non-clocked latch  
The latch _Datapath/o_CCodes[-1111111110] cannot be properly analyzed as its control pin _Datapath/o_CCodes[-1111111110]/G is not reached by a timing clock
Related violations: <none>

TIMING-20#3 Warning
Non-clocked latch  
The latch _Datapath/o_CCodes[-1111111111] cannot be properly analyzed as its control pin _Datapath/o_CCodes[-1111111111]/G is not reached by a timing clock
Related violations: <none>

TIMING-23#1 Warning
Combinational loop found  
A timing loop has been detected on a combinational path. A timing arc has been disabled between _ControlUnit/o_CCodes[-1111111109]_i_3/I5 and _ControlUnit/o_CCodes[-1111111109]_i_3/O to disable the timing loop
Related violations: <none>

TIMING-23#2 Warning
Combinational loop found  
A timing loop has been detected on a combinational path. A timing arc has been disabled between _ControlUnit/o_CCodes[-1111111110]_i_2/I5 and _ControlUnit/o_CCodes[-1111111110]_i_2/O to disable the timing loop
Related violations: <none>

TIMING-23#3 Warning
Combinational loop found  
A timing loop has been detected on a combinational path. A timing arc has been disabled between _ControlUnit/o_CCodes[-1111111111]_i_101/I5 and _ControlUnit/o_CCodes[-1111111111]_i_101/O to disable the timing loop
Related violations: <none>

TIMING-23#4 Warning
Combinational loop found  
A timing loop has been detected on a combinational path. A timing arc has been disabled between _ControlUnit/o_CCodes[-1111111111]_i_104/I5 and _ControlUnit/o_CCodes[-1111111111]_i_104/O to disable the timing loop
Related violations: <none>

TIMING-23#5 Warning
Combinational loop found  
A timing loop has been detected on a combinational path. A timing arc has been disabled between _ControlUnit/o_CCodes[-1111111111]_i_111/I5 and _ControlUnit/o_CCodes[-1111111111]_i_111/O to disable the timing loop
Related violations: <none>

TIMING-23#6 Warning
Combinational loop found  
A timing loop has been detected on a combinational path. A timing arc has been disabled between _ControlUnit/o_CCodes[-1111111111]_i_114/I5 and _ControlUnit/o_CCodes[-1111111111]_i_114/O to disable the timing loop
Related violations: <none>

TIMING-23#7 Warning
Combinational loop found  
A timing loop has been detected on a combinational path. A timing arc has been disabled between _ControlUnit/o_CCodes[-1111111111]_i_117/I5 and _ControlUnit/o_CCodes[-1111111111]_i_117/O to disable the timing loop
Related violations: <none>

TIMING-23#8 Warning
Combinational loop found  
A timing loop has been detected on a combinational path. A timing arc has been disabled between _ControlUnit/o_CCodes[-1111111111]_i_120/I5 and _ControlUnit/o_CCodes[-1111111111]_i_120/O to disable the timing loop
Related violations: <none>

TIMING-23#9 Warning
Combinational loop found  
A timing loop has been detected on a combinational path. A timing arc has been disabled between _ControlUnit/o_CCodes[-1111111111]_i_130/I5 and _ControlUnit/o_CCodes[-1111111111]_i_130/O to disable the timing loop
Related violations: <none>

TIMING-23#10 Warning
Combinational loop found  
A timing loop has been detected on a combinational path. A timing arc has been disabled between _ControlUnit/o_CCodes[-1111111111]_i_133/I5 and _ControlUnit/o_CCodes[-1111111111]_i_133/O to disable the timing loop
Related violations: <none>

TIMING-23#11 Warning
Combinational loop found  
A timing loop has been detected on a combinational path. A timing arc has been disabled between _ControlUnit/o_CCodes[-1111111111]_i_135/I5 and _ControlUnit/o_CCodes[-1111111111]_i_135/O to disable the timing loop
Related violations: <none>

TIMING-23#12 Warning
Combinational loop found  
A timing loop has been detected on a combinational path. A timing arc has been disabled between _ControlUnit/o_CCodes[-1111111111]_i_138/I5 and _ControlUnit/o_CCodes[-1111111111]_i_138/O to disable the timing loop
Related violations: <none>

TIMING-23#13 Warning
Combinational loop found  
A timing loop has been detected on a combinational path. A timing arc has been disabled between _ControlUnit/o_CCodes[-1111111111]_i_142/I0 and _ControlUnit/o_CCodes[-1111111111]_i_142/O to disable the timing loop
Related violations: <none>

TIMING-23#14 Warning
Combinational loop found  
A timing loop has been detected on a combinational path. A timing arc has been disabled between _ControlUnit/o_CCodes[-1111111111]_i_28/I5 and _ControlUnit/o_CCodes[-1111111111]_i_28/O to disable the timing loop
Related violations: <none>

TIMING-23#15 Warning
Combinational loop found  
A timing loop has been detected on a combinational path. A timing arc has been disabled between _ControlUnit/o_CCodes[-1111111111]_i_29/I5 and _ControlUnit/o_CCodes[-1111111111]_i_29/O to disable the timing loop
Related violations: <none>

TIMING-23#16 Warning
Combinational loop found  
A timing loop has been detected on a combinational path. A timing arc has been disabled between _ControlUnit/o_CCodes[-1111111111]_i_30/I5 and _ControlUnit/o_CCodes[-1111111111]_i_30/O to disable the timing loop
Related violations: <none>

TIMING-23#17 Warning
Combinational loop found  
A timing loop has been detected on a combinational path. A timing arc has been disabled between _ControlUnit/o_CCodes[-1111111111]_i_31/I5 and _ControlUnit/o_CCodes[-1111111111]_i_31/O to disable the timing loop
Related violations: <none>

TIMING-23#18 Warning
Combinational loop found  
A timing loop has been detected on a combinational path. A timing arc has been disabled between _ControlUnit/o_CCodes[-1111111111]_i_32/I5 and _ControlUnit/o_CCodes[-1111111111]_i_32/O to disable the timing loop
Related violations: <none>

TIMING-23#19 Warning
Combinational loop found  
A timing loop has been detected on a combinational path. A timing arc has been disabled between _ControlUnit/o_CCodes[-1111111111]_i_33/I5 and _ControlUnit/o_CCodes[-1111111111]_i_33/O to disable the timing loop
Related violations: <none>

TIMING-23#20 Warning
Combinational loop found  
A timing loop has been detected on a combinational path. A timing arc has been disabled between _ControlUnit/o_CCodes[-1111111111]_i_34/I5 and _ControlUnit/o_CCodes[-1111111111]_i_34/O to disable the timing loop
Related violations: <none>

TIMING-23#21 Warning
Combinational loop found  
A timing loop has been detected on a combinational path. A timing arc has been disabled between _ControlUnit/o_CCodes[-1111111111]_i_35/I5 and _ControlUnit/o_CCodes[-1111111111]_i_35/O to disable the timing loop
Related violations: <none>

TIMING-23#22 Warning
Combinational loop found  
A timing loop has been detected on a combinational path. A timing arc has been disabled between _ControlUnit/o_CCodes[-1111111111]_i_36/I5 and _ControlUnit/o_CCodes[-1111111111]_i_36/O to disable the timing loop
Related violations: <none>

TIMING-23#23 Warning
Combinational loop found  
A timing loop has been detected on a combinational path. A timing arc has been disabled between _ControlUnit/o_CCodes[-1111111111]_i_37/I5 and _ControlUnit/o_CCodes[-1111111111]_i_37/O to disable the timing loop
Related violations: <none>

TIMING-23#24 Warning
Combinational loop found  
A timing loop has been detected on a combinational path. A timing arc has been disabled between _ControlUnit/o_CCodes[-1111111111]_i_38/I5 and _ControlUnit/o_CCodes[-1111111111]_i_38/O to disable the timing loop
Related violations: <none>

TIMING-23#25 Warning
Combinational loop found  
A timing loop has been detected on a combinational path. A timing arc has been disabled between _ControlUnit/o_CCodes[-1111111111]_i_39/I5 and _ControlUnit/o_CCodes[-1111111111]_i_39/O to disable the timing loop
Related violations: <none>

TIMING-23#26 Warning
Combinational loop found  
A timing loop has been detected on a combinational path. A timing arc has been disabled between _ControlUnit/o_CCodes[-1111111111]_i_40/I5 and _ControlUnit/o_CCodes[-1111111111]_i_40/O to disable the timing loop
Related violations: <none>

TIMING-23#27 Warning
Combinational loop found  
A timing loop has been detected on a combinational path. A timing arc has been disabled between _ControlUnit/o_CCodes[-1111111111]_i_41/I5 and _ControlUnit/o_CCodes[-1111111111]_i_41/O to disable the timing loop
Related violations: <none>

TIMING-23#28 Warning
Combinational loop found  
A timing loop has been detected on a combinational path. A timing arc has been disabled between _ControlUnit/o_CCodes[-1111111111]_i_42/I5 and _ControlUnit/o_CCodes[-1111111111]_i_42/O to disable the timing loop
Related violations: <none>

TIMING-23#29 Warning
Combinational loop found  
A timing loop has been detected on a combinational path. A timing arc has been disabled between _ControlUnit/o_CCodes[-1111111111]_i_43/I5 and _ControlUnit/o_CCodes[-1111111111]_i_43/O to disable the timing loop
Related violations: <none>

TIMING-23#30 Warning
Combinational loop found  
A timing loop has been detected on a combinational path. A timing arc has been disabled between _ControlUnit/o_CCodes[-1111111111]_i_44/I5 and _ControlUnit/o_CCodes[-1111111111]_i_44/O to disable the timing loop
Related violations: <none>

TIMING-23#31 Warning
Combinational loop found  
A timing loop has been detected on a combinational path. A timing arc has been disabled between _ControlUnit/o_CCodes[-1111111111]_i_45/I5 and _ControlUnit/o_CCodes[-1111111111]_i_45/O to disable the timing loop
Related violations: <none>

TIMING-23#32 Warning
Combinational loop found  
A timing loop has been detected on a combinational path. A timing arc has been disabled between _ControlUnit/o_CCodes[-1111111111]_i_46/I5 and _ControlUnit/o_CCodes[-1111111111]_i_46/O to disable the timing loop
Related violations: <none>

TIMING-23#33 Warning
Combinational loop found  
A timing loop has been detected on a combinational path. A timing arc has been disabled between _ControlUnit/o_CCodes[-1111111111]_i_47/I5 and _ControlUnit/o_CCodes[-1111111111]_i_47/O to disable the timing loop
Related violations: <none>

TIMING-23#34 Warning
Combinational loop found  
A timing loop has been detected on a combinational path. A timing arc has been disabled between _ControlUnit/o_CCodes[-1111111111]_i_48/I5 and _ControlUnit/o_CCodes[-1111111111]_i_48/O to disable the timing loop
Related violations: <none>

TIMING-23#35 Warning
Combinational loop found  
A timing loop has been detected on a combinational path. A timing arc has been disabled between _ControlUnit/o_CCodes[-1111111111]_i_49/I5 and _ControlUnit/o_CCodes[-1111111111]_i_49/O to disable the timing loop
Related violations: <none>

TIMING-23#36 Warning
Combinational loop found  
A timing loop has been detected on a combinational path. A timing arc has been disabled between _ControlUnit/o_CCodes[-1111111111]_i_50/I5 and _ControlUnit/o_CCodes[-1111111111]_i_50/O to disable the timing loop
Related violations: <none>

TIMING-23#37 Warning
Combinational loop found  
A timing loop has been detected on a combinational path. A timing arc has been disabled between _ControlUnit/o_CCodes[-1111111111]_i_51/I5 and _ControlUnit/o_CCodes[-1111111111]_i_51/O to disable the timing loop
Related violations: <none>

TIMING-23#38 Warning
Combinational loop found  
A timing loop has been detected on a combinational path. A timing arc has been disabled between _ControlUnit/o_CCodes[-1111111111]_i_52/I5 and _ControlUnit/o_CCodes[-1111111111]_i_52/O to disable the timing loop
Related violations: <none>

TIMING-23#39 Warning
Combinational loop found  
A timing loop has been detected on a combinational path. A timing arc has been disabled between _ControlUnit/o_CCodes[-1111111111]_i_53/I5 and _ControlUnit/o_CCodes[-1111111111]_i_53/O to disable the timing loop
Related violations: <none>

TIMING-23#40 Warning
Combinational loop found  
A timing loop has been detected on a combinational path. A timing arc has been disabled between _ControlUnit/o_CCodes[-1111111111]_i_54/I5 and _ControlUnit/o_CCodes[-1111111111]_i_54/O to disable the timing loop
Related violations: <none>

TIMING-23#41 Warning
Combinational loop found  
A timing loop has been detected on a combinational path. A timing arc has been disabled between _ControlUnit/o_CCodes[-1111111111]_i_55/I5 and _ControlUnit/o_CCodes[-1111111111]_i_55/O to disable the timing loop
Related violations: <none>

TIMING-23#42 Warning
Combinational loop found  
A timing loop has been detected on a combinational path. A timing arc has been disabled between _ControlUnit/o_CCodes[-1111111111]_i_56/I5 and _ControlUnit/o_CCodes[-1111111111]_i_56/O to disable the timing loop
Related violations: <none>

TIMING-23#43 Warning
Combinational loop found  
A timing loop has been detected on a combinational path. A timing arc has been disabled between _ControlUnit/o_CCodes[-1111111111]_i_57/I5 and _ControlUnit/o_CCodes[-1111111111]_i_57/O to disable the timing loop
Related violations: <none>

TIMING-23#44 Warning
Combinational loop found  
A timing loop has been detected on a combinational path. A timing arc has been disabled between _ControlUnit/o_CCodes[-1111111111]_i_69/I5 and _ControlUnit/o_CCodes[-1111111111]_i_69/O to disable the timing loop
Related violations: <none>

TIMING-23#45 Warning
Combinational loop found  
A timing loop has been detected on a combinational path. A timing arc has been disabled between _ControlUnit/o_CCodes[-1111111111]_i_72/I5 and _ControlUnit/o_CCodes[-1111111111]_i_72/O to disable the timing loop
Related violations: <none>

TIMING-23#46 Warning
Combinational loop found  
A timing loop has been detected on a combinational path. A timing arc has been disabled between _ControlUnit/o_CCodes[-1111111111]_i_73/I5 and _ControlUnit/o_CCodes[-1111111111]_i_73/O to disable the timing loop
Related violations: <none>

TIMING-23#47 Warning
Combinational loop found  
A timing loop has been detected on a combinational path. A timing arc has been disabled between _ControlUnit/o_CCodes[-1111111111]_i_77/I5 and _ControlUnit/o_CCodes[-1111111111]_i_77/O to disable the timing loop
Related violations: <none>

TIMING-23#48 Warning
Combinational loop found  
A timing loop has been detected on a combinational path. A timing arc has been disabled between _ControlUnit/o_CCodes[-1111111111]_i_95/I5 and _ControlUnit/o_CCodes[-1111111111]_i_95/O to disable the timing loop
Related violations: <none>

TIMING-23#49 Warning
Combinational loop found  
A timing loop has been detected on a combinational path. A timing arc has been disabled between _ControlUnit/o_CCodes[-1111111111]_i_98/I5 and _ControlUnit/o_CCodes[-1111111111]_i_98/O to disable the timing loop
Related violations: <none>

TIMING-23#50 Warning
Combinational loop found  
A timing loop has been detected on a combinational path. A timing arc has been disabled between _Datapath/o_CCodes[-1111111111]_i_100/I5 and _Datapath/o_CCodes[-1111111111]_i_100/O to disable the timing loop
Related violations: <none>

TIMING-23#51 Warning
Combinational loop found  
A timing loop has been detected on a combinational path. A timing arc has been disabled between _Datapath/o_CCodes[-1111111111]_i_103/I5 and _Datapath/o_CCodes[-1111111111]_i_103/O to disable the timing loop
Related violations: <none>

TIMING-23#52 Warning
Combinational loop found  
A timing loop has been detected on a combinational path. A timing arc has been disabled between _Datapath/o_CCodes[-1111111111]_i_110/I5 and _Datapath/o_CCodes[-1111111111]_i_110/O to disable the timing loop
Related violations: <none>

TIMING-23#53 Warning
Combinational loop found  
A timing loop has been detected on a combinational path. A timing arc has been disabled between _Datapath/o_CCodes[-1111111111]_i_113/I5 and _Datapath/o_CCodes[-1111111111]_i_113/O to disable the timing loop
Related violations: <none>

TIMING-23#54 Warning
Combinational loop found  
A timing loop has been detected on a combinational path. A timing arc has been disabled between _Datapath/o_CCodes[-1111111111]_i_116/I5 and _Datapath/o_CCodes[-1111111111]_i_116/O to disable the timing loop
Related violations: <none>

TIMING-23#55 Warning
Combinational loop found  
A timing loop has been detected on a combinational path. A timing arc has been disabled between _Datapath/o_CCodes[-1111111111]_i_119/I5 and _Datapath/o_CCodes[-1111111111]_i_119/O to disable the timing loop
Related violations: <none>

TIMING-23#56 Warning
Combinational loop found  
A timing loop has been detected on a combinational path. A timing arc has been disabled between _Datapath/o_CCodes[-1111111111]_i_129/I5 and _Datapath/o_CCodes[-1111111111]_i_129/O to disable the timing loop
Related violations: <none>

TIMING-23#57 Warning
Combinational loop found  
A timing loop has been detected on a combinational path. A timing arc has been disabled between _Datapath/o_CCodes[-1111111111]_i_132/I5 and _Datapath/o_CCodes[-1111111111]_i_132/O to disable the timing loop
Related violations: <none>

TIMING-23#58 Warning
Combinational loop found  
A timing loop has been detected on a combinational path. A timing arc has been disabled between _Datapath/o_CCodes[-1111111111]_i_137/I5 and _Datapath/o_CCodes[-1111111111]_i_137/O to disable the timing loop
Related violations: <none>

TIMING-23#59 Warning
Combinational loop found  
A timing loop has been detected on a combinational path. A timing arc has been disabled between _Datapath/o_CCodes[-1111111111]_i_68/I4 and _Datapath/o_CCodes[-1111111111]_i_68/O to disable the timing loop
Related violations: <none>

TIMING-23#60 Warning
Combinational loop found  
A timing loop has been detected on a combinational path. A timing arc has been disabled between _Datapath/o_CCodes[-1111111111]_i_71/I4 and _Datapath/o_CCodes[-1111111111]_i_71/O to disable the timing loop
Related violations: <none>

TIMING-23#61 Warning
Combinational loop found  
A timing loop has been detected on a combinational path. A timing arc has been disabled between _Datapath/o_CCodes[-1111111111]_i_74/I5 and _Datapath/o_CCodes[-1111111111]_i_74/O to disable the timing loop
Related violations: <none>

TIMING-23#62 Warning
Combinational loop found  
A timing loop has been detected on a combinational path. A timing arc has been disabled between _Datapath/o_CCodes[-1111111111]_i_76/I5 and _Datapath/o_CCodes[-1111111111]_i_76/O to disable the timing loop
Related violations: <none>

TIMING-23#63 Warning
Combinational loop found  
A timing loop has been detected on a combinational path. A timing arc has been disabled between _Datapath/o_CCodes[-1111111111]_i_94/I5 and _Datapath/o_CCodes[-1111111111]_i_94/O to disable the timing loop
Related violations: <none>

TIMING-23#64 Warning
Combinational loop found  
A timing loop has been detected on a combinational path. A timing arc has been disabled between _Datapath/o_CCodes[-1111111111]_i_97/I5 and _Datapath/o_CCodes[-1111111111]_i_97/O to disable the timing loop
Related violations: <none>

LATCH-1#1 Advisory
Existing latches in the design  
There are 3 latches found in the design. Inferred latches are often the result of HDL coding mistakes, such as incomplete if or case statements.
Related violations: <none>


